<?xml version="1.0" encoding="UTF-8"?>
<!-- Generated by org.testng.reporters.JUnitXMLReporter -->
<testsuite ignored="0" hostname="DESKTOP-5NCLBUD" failures="0" tests="4" name="Test1" time="139.005" errors="0" timestamp="2022-02-25T21:27:15 EET">
  <testcase classname="tests.TedScenario" name="user_Can_Open_Apps" time="17.319"/>
  <testcase classname="tests.TedScenario" name="user_can_select_education_from_category" time="8.541"/>
  <testcase classname="tests.TedScenario" name="user_can_search_for_TED_application" time="8.592"/>
  <testcase classname="tests.FacebookScenario" name="user_can_search_for_facebook" time="10.59"/>
</testsuite> <!-- Test1 -->
