<?xml version="1.0" encoding="UTF-8"?>
<testng-results ignored="0" total="4" passed="4" failed="0" skipped="0">
  <reporter-output>
  </reporter-output>
  <suite started-at="2022-02-25T21:24:56 EET" name="Suite" finished-at="2022-02-25T21:27:15 EET" duration-ms="139005">
    <groups>
    </groups>
    <test started-at="2022-02-25T21:24:56 EET" name="Test1" finished-at="2022-02-25T21:27:15 EET" duration-ms="139005">
      <class name="tests.FacebookScenario">
        <test-method is-config="true" signature="setupDriver()[pri:0, instance:tests.FacebookScenario@6dc17b83]" started-at="2022-02-25T21:26:35 EET" name="setupDriver" finished-at="2022-02-25T21:27:02 EET" duration-ms="26490" status="PASS">
          <reporter-output>
          </reporter-output>
        </test-method> <!-- setupDriver -->
        <test-method signature="user_can_search_for_facebook()[pri:0, instance:tests.FacebookScenario@6dc17b83]" started-at="2022-02-25T21:27:02 EET" name="user_can_search_for_facebook" finished-at="2022-02-25T21:27:12 EET" duration-ms="10590" status="PASS">
          <reporter-output>
          </reporter-output>
        </test-method> <!-- user_can_search_for_facebook -->
        <test-method is-config="true" signature="closeDriver()[pri:0, instance:tests.FacebookScenario@6dc17b83]" started-at="2022-02-25T21:27:12 EET" name="closeDriver" finished-at="2022-02-25T21:27:15 EET" duration-ms="2049" status="PASS">
          <reporter-output>
          </reporter-output>
        </test-method> <!-- closeDriver -->
      </class> <!-- tests.FacebookScenario -->
      <class name="tests.TedScenario">
        <test-method is-config="true" signature="setupDriver()[pri:0, instance:tests.TedScenario@42e99e4a]" started-at="2022-02-25T21:24:56 EET" name="setupDriver" finished-at="2022-02-25T21:25:58 EET" duration-ms="62641" status="PASS">
          <reporter-output>
          </reporter-output>
        </test-method> <!-- setupDriver -->
        <test-method signature="user_Can_Open_Apps()[pri:1, instance:tests.TedScenario@42e99e4a]" started-at="2022-02-25T21:25:59 EET" name="user_Can_Open_Apps" finished-at="2022-02-25T21:26:16 EET" duration-ms="17319" status="PASS">
          <reporter-output>
          </reporter-output>
        </test-method> <!-- user_Can_Open_Apps -->
        <test-method signature="user_can_select_education_from_category()[pri:2, instance:tests.TedScenario@42e99e4a]" started-at="2022-02-25T21:26:16 EET" name="user_can_select_education_from_category" finished-at="2022-02-25T21:26:24 EET" duration-ms="8541" status="PASS">
          <reporter-output>
          </reporter-output>
        </test-method> <!-- user_can_select_education_from_category -->
        <test-method signature="user_can_search_for_TED_application()[pri:3, instance:tests.TedScenario@42e99e4a]" started-at="2022-02-25T21:26:24 EET" name="user_can_search_for_TED_application" finished-at="2022-02-25T21:26:33 EET" duration-ms="8592" status="PASS">
          <reporter-output>
          </reporter-output>
        </test-method> <!-- user_can_search_for_TED_application -->
        <test-method is-config="true" signature="closeDriver()[pri:0, instance:tests.TedScenario@42e99e4a]" started-at="2022-02-25T21:26:33 EET" name="closeDriver" finished-at="2022-02-25T21:26:35 EET" duration-ms="2328" status="PASS">
          <reporter-output>
          </reporter-output>
        </test-method> <!-- closeDriver -->
      </class> <!-- tests.TedScenario -->
    </test> <!-- Test1 -->
  </suite> <!-- Suite -->
</testng-results>
